{"message":"Something failed during startup.","stack":"Error: Something failed during startup.\n    at Object.<anonymous> (C:\\node_projects\\midly\\index.js:32:7)\n    at Module._compile (internal/modules/cjs/loader.js:689:30)\n    at Object.Module._extensions..js (internal/modules/cjs/loader.js:700:10)\n    at Module.load (internal/modules/cjs/loader.js:599:32)\n    at tryModuleLoad (internal/modules/cjs/loader.js:538:12)\n    at Function.Module._load (internal/modules/cjs/loader.js:530:3)\n    at Function.Module.runMain (internal/modules/cjs/loader.js:742:12)\n    at startup (internal/bootstrap/node.js:283:19)\n    at bootstrapNodeJSCore (internal/bootstrap/node.js:743:3)","level":"error","timestamp":"2020-01-03T05:43:06.610Z"}
{"message":"Something failed miserably","stack":"Error: Something failed miserably\n    at Object.<anonymous> (C:\\node_projects\\midly\\index.js:37:26)\n    at Module._compile (internal/modules/cjs/loader.js:689:30)\n    at Object.Module._extensions..js (internal/modules/cjs/loader.js:700:10)\n    at Module.load (internal/modules/cjs/loader.js:599:32)\n    at tryModuleLoad (internal/modules/cjs/loader.js:538:12)\n    at Function.Module._load (internal/modules/cjs/loader.js:530:3)\n    at Function.Module.runMain (internal/modules/cjs/loader.js:742:12)\n    at startup (internal/bootstrap/node.js:283:19)\n    at bootstrapNodeJSCore (internal/bootstrap/node.js:743:3)","level":"error","timestamp":"2020-01-03T06:52:30.330Z"}
{"level":"info","message":"Connected to MongoDB...","timestamp":"2020-01-04T07:57:55.973Z"}
{"level":"info","message":"Listening on post : 3000 ...","timestamp":"2020-02-08T11:18:08.503Z"}
{"level":"info","message":"Connected to mongodb://localhost/midly...","timestamp":"2020-02-08T11:18:33.253Z"}
{"level":"info","message":"Listening on post : 3000 ...","timestamp":"2020-02-08T11:19:21.288Z"}
{"level":"info","message":"Connected to mongodb://localhost/midly_tests...","timestamp":"2020-02-08T11:19:22.396Z"}
{"level":"info","message":"Listening on post : 3000 ...","timestamp":"2020-02-08T12:47:17.510Z"}
{"level":"info","message":"Listening on post : 3000 ...","timestamp":"2020-02-08T12:54:46.521Z"}
{"level":"info","message":"Connected to mongodb://localhost/midly_tests...","timestamp":"2020-02-08T12:54:47.658Z"}
{"level":"info","message":"Listening on post : 3000 ...","timestamp":"2020-02-08T12:56:44.092Z"}
{"level":"info","message":"Connected to mongodb://localhost/midly_tests...","timestamp":"2020-02-08T12:56:45.217Z"}
{"level":"info","message":"Listening on post : 3000 ...","timestamp":"2020-02-08T12:57:21.214Z"}
{"level":"info","message":"Listening on post : 3000 ...","timestamp":"2020-02-08T13:07:47.048Z"}
{"level":"info","message":"Connected to mongodb://localhost/midly_tests...","timestamp":"2020-02-08T13:07:48.161Z"}
{"level":"info","message":"Listening on post : 3000 ...","timestamp":"2020-02-08T13:10:32.339Z"}
{"level":"info","message":"Connected to mongodb://localhost/midly_tests...","timestamp":"2020-02-08T13:10:33.470Z"}
{"level":"info","message":"Listening on post : 3000 ...","timestamp":"2020-02-08T13:14:09.957Z"}
{"level":"info","message":"Connected to mongodb://localhost/midly_tests...","timestamp":"2020-02-08T13:14:11.086Z"}
{"level":"info","message":"Listening on post : 3000 ...","timestamp":"2020-02-08T13:15:01.690Z"}
{"level":"info","message":"Connected to mongodb://localhost/midly_tests...","timestamp":"2020-02-08T13:15:02.814Z"}
{"level":"info","message":"Listening on post : 3000 ...","timestamp":"2020-02-08T13:19:53.204Z"}
{"level":"info","message":"Connected to mongodb://localhost/midly_tests...","timestamp":"2020-02-08T13:19:54.324Z"}
{"level":"info","message":"Listening on post : 3000 ...","timestamp":"2020-02-09T03:25:43.580Z"}
{"level":"info","message":"Connected to mongodb://localhost/midly_tests...","timestamp":"2020-02-09T03:25:44.709Z"}
{"level":"info","message":"Listening on post : 3000 ...","timestamp":"2020-02-09T03:34:37.644Z"}
{"level":"info","message":"Connected to mongodb://localhost/midly_tests...","timestamp":"2020-02-09T03:34:38.786Z"}
{"level":"info","message":"Listening on post : 3000 ...","timestamp":"2020-02-09T04:02:44.825Z"}
{"level":"info","message":"Connected to mongodb://localhost/midly_tests...","timestamp":"2020-02-09T04:02:45.969Z"}
{"level":"info","message":"Listening on post : 3000 ...","timestamp":"2020-02-09T04:05:03.231Z"}
{"level":"info","message":"Connected to mongodb://localhost/midly_tests...","timestamp":"2020-02-09T04:05:04.356Z"}
{"level":"info","message":"Listening on post : 3000 ...","timestamp":"2020-02-09T14:41:27.117Z"}
{"level":"info","message":"Connected to mongodb://localhost/midly_tests...","timestamp":"2020-02-09T14:41:28.446Z"}
{"level":"info","message":"Listening on post : 3000 ...","timestamp":"2020-02-09T14:42:04.835Z"}
{"level":"info","message":"Connected to mongodb://localhost/midly_tests...","timestamp":"2020-02-09T14:42:06.020Z"}
{"level":"info","message":"Listening on post : 3000 ...","timestamp":"2020-02-09T14:42:36.768Z"}
{"level":"info","message":"Connected to mongodb://localhost/midly_tests...","timestamp":"2020-02-09T14:42:37.945Z"}
{"level":"info","message":"Listening on post : 3000 ...","timestamp":"2020-02-09T14:44:31.709Z"}
{"level":"info","message":"Connected to mongodb://localhost/midly_tests...","timestamp":"2020-02-09T14:44:32.928Z"}
{"level":"info","message":"Listening on post : 3000 ...","timestamp":"2020-02-09T14:46:35.375Z"}
{"level":"info","message":"Connected to mongodb://localhost/midly_tests...","timestamp":"2020-02-09T14:46:36.454Z"}
{"level":"info","message":"Listening on post : 3000 ...","timestamp":"2020-02-09T14:53:27.316Z"}
{"level":"info","message":"Connected to mongodb://localhost/midly_tests...","timestamp":"2020-02-09T14:53:28.411Z"}
{"level":"info","message":"Listening on post : 3000 ...","timestamp":"2020-02-09T15:04:06.105Z"}
{"level":"info","message":"Connected to mongodb://localhost/midly_tests...","timestamp":"2020-02-09T15:04:07.325Z"}
{"message":"Genre validation failed: name: Path `name` (`1234`) is shorter than the minimum allowed length (5).","errors":{"name":{"message":"Path `name` (`1234`) is shorter than the minimum allowed length (5).","name":"ValidatorError","properties":{"message":"Path `name` (`1234`) is shorter than the minimum allowed length (5).","type":"minlength","minlength":5,"path":"name","value":"1234"},"kind":"minlength","path":"name","value":"1234"}},"_message":"Genre validation failed","stack":"ValidationError: Genre validation failed: name: Path `name` (`1234`) is shorter than the minimum allowed length (5).\n    at new ValidationError (C:\\node_apps\\midly\\node_modules\\mongoose\\lib\\error\\validation.js:31:11)\n    at model.Object.<anonymous>.Document.invalidate (C:\\node_apps\\midly\\node_modules\\mongoose\\lib\\document.js:2428:32)\n    at p.doValidate.skipSchemaValidators (C:\\node_apps\\midly\\node_modules\\mongoose\\lib\\document.js:2277:17)\n    at C:\\node_apps\\midly\\node_modules\\mongoose\\lib\\schematype.js:1064:9\n    at process._tickCallback (internal/process/next_tick.js:61:11)","name":"ValidationError","level":"error","timestamp":"2020-02-09T15:04:09.145Z"}
{"level":"info","message":"Listening on post : 3000 ...","timestamp":"2020-02-09T15:06:48.926Z"}
{"level":"info","message":"Connected to mongodb://localhost/midly_tests...","timestamp":"2020-02-09T15:06:50.235Z"}
{"level":"info","message":"Listening on post : 3000 ...","timestamp":"2020-02-09T15:13:01.446Z"}
{"level":"info","message":"Connected to mongodb://localhost/midly_tests...","timestamp":"2020-02-09T15:13:02.577Z"}
{"message":"Genre validation failed: name: Path `name` (`aaaaaaaaaaaaaaaaaaaaaaaaaaaaaaaaaaaaaaaaaaaaaaaaaaa`) is longer than the maximum allowed length (50).","errors":{"name":{"message":"Path `name` (`aaaaaaaaaaaaaaaaaaaaaaaaaaaaaaaaaaaaaaaaaaaaaaaaaaa`) is longer than the maximum allowed length (50).","name":"ValidatorError","properties":{"message":"Path `name` (`aaaaaaaaaaaaaaaaaaaaaaaaaaaaaaaaaaaaaaaaaaaaaaaaaaa`) is longer than the maximum allowed length (50).","type":"maxlength","maxlength":50,"path":"name","value":"aaaaaaaaaaaaaaaaaaaaaaaaaaaaaaaaaaaaaaaaaaaaaaaaaaa"},"kind":"maxlength","path":"name","value":"aaaaaaaaaaaaaaaaaaaaaaaaaaaaaaaaaaaaaaaaaaaaaaaaaaa"}},"_message":"Genre validation failed","stack":"ValidationError: Genre validation failed: name: Path `name` (`aaaaaaaaaaaaaaaaaaaaaaaaaaaaaaaaaaaaaaaaaaaaaaaaaaa`) is longer than the maximum allowed length (50).\n    at new ValidationError (C:\\node_apps\\midly\\node_modules\\mongoose\\lib\\error\\validation.js:31:11)\n    at model.Object.<anonymous>.Document.invalidate (C:\\node_apps\\midly\\node_modules\\mongoose\\lib\\document.js:2428:32)\n    at p.doValidate.skipSchemaValidators (C:\\node_apps\\midly\\node_modules\\mongoose\\lib\\document.js:2277:17)\n    at C:\\node_apps\\midly\\node_modules\\mongoose\\lib\\schematype.js:1064:9\n    at process._tickCallback (internal/process/next_tick.js:61:11)","name":"ValidationError","level":"error","timestamp":"2020-02-09T15:13:04.054Z"}
{"level":"info","message":"Listening on post : 3000 ...","timestamp":"2020-02-09T15:13:47.297Z"}
{"level":"info","message":"Connected to mongodb://localhost/midly_tests...","timestamp":"2020-02-09T15:13:48.467Z"}
{"level":"info","message":"Listening on post : 3000 ...","timestamp":"2020-02-09T15:33:40.413Z"}
{"level":"info","message":"Connected to mongodb://localhost/midly_tests...","timestamp":"2020-02-09T15:33:41.531Z"}
{"level":"info","message":"Listening on post : 3000 ...","timestamp":"2020-02-09T15:36:40.096Z"}
{"level":"info","message":"Connected to mongodb://localhost/midly_tests...","timestamp":"2020-02-09T15:36:41.242Z"}
{"level":"info","message":"Listening on post : 3000 ...","timestamp":"2020-02-10T02:37:18.257Z"}
{"level":"info","message":"Connected to mongodb://localhost/midly_tests...","timestamp":"2020-02-10T02:37:19.516Z"}
{"level":"info","message":"Listening on post : 3000 ...","timestamp":"2020-02-10T02:40:08.488Z"}
{"level":"info","message":"Connected to mongodb://localhost/midly_tests...","timestamp":"2020-02-10T02:40:09.616Z"}
{"level":"info","message":"Listening on post : 3000 ...","timestamp":"2020-02-10T02:40:47.731Z"}
{"level":"info","message":"Connected to mongodb://localhost/midly_tests...","timestamp":"2020-02-10T02:40:48.875Z"}
{"level":"info","message":"Listening on post : 3000 ...","timestamp":"2020-02-10T03:13:32.276Z"}
{"level":"info","message":"Connected to mongodb://localhost/midly_tests...","timestamp":"2020-02-10T03:13:33.328Z"}
{"level":"info","message":"Listening on post : 3000 ...","timestamp":"2020-02-10T03:13:33.323Z"}
{"level":"info","message":"Connected to mongodb://localhost/midly_tests...","timestamp":"2020-02-10T03:13:34.473Z"}
{"level":"info","message":"Listening on post : 3000 ...","timestamp":"2020-02-10T03:21:23.811Z"}
{"level":"info","message":"Listening on post : 3000 ...","timestamp":"2020-02-10T03:21:24.602Z"}
{"level":"info","message":"Connected to mongodb://localhost/midly_tests...","timestamp":"2020-02-10T03:21:24.855Z"}
{"level":"info","message":"Connected to mongodb://localhost/midly_tests...","timestamp":"2020-02-10T03:21:25.757Z"}
{"level":"info","message":"Listening on post : 3000 ...","timestamp":"2020-02-10T03:25:04.405Z"}
{"level":"info","message":"Connected to mongodb://localhost/midly_tests...","timestamp":"2020-02-10T03:25:05.544Z"}
{"level":"info","message":"Listening on post : 3000 ...","timestamp":"2020-02-10T03:25:05.487Z"}
{"level":"info","message":"Connected to mongodb://localhost/midly_tests...","timestamp":"2020-02-10T03:25:07.105Z"}
{"level":"info","message":"Listening on post : 3000 ...","timestamp":"2020-02-10T03:33:35.995Z"}
{"level":"info","message":"Listening on post : 3000 ...","timestamp":"2020-02-10T03:33:36.640Z"}
{"level":"info","message":"Connected to mongodb://localhost/midly_tests...","timestamp":"2020-02-10T03:33:37.049Z"}
{"level":"info","message":"Connected to mongodb://localhost/midly_tests...","timestamp":"2020-02-10T03:33:37.770Z"}
{"level":"info","message":"Listening on post : 3000 ...","timestamp":"2020-02-10T03:38:52.143Z"}
{"level":"info","message":"Listening on post : 3000 ...","timestamp":"2020-02-10T03:38:52.214Z"}
{"level":"info","message":"Connected to mongodb://localhost/midly_tests...","timestamp":"2020-02-10T03:38:53.274Z"}
{"level":"info","message":"Connected to mongodb://localhost/midly_tests...","timestamp":"2020-02-10T03:38:53.357Z"}
{"level":"info","message":"Listening on post : 3000 ...","timestamp":"2020-02-10T05:28:52.028Z"}
{"level":"info","message":"Connected to mongodb://localhost/midly_tests...","timestamp":"2020-02-10T05:28:53.148Z"}
{"level":"info","message":"Connected to mongodb://localhost/midly_tests...","timestamp":"2020-02-10T05:28:53.262Z"}
{"level":"info","message":"Listening on post : 3000 ...","timestamp":"2020-02-10T05:28:53.307Z"}
{"level":"info","message":"Listening on post : 3000 ...","timestamp":"2020-02-10T05:38:49.173Z"}
{"level":"info","message":"Listening on post : 3000 ...","timestamp":"2020-02-10T05:38:49.595Z"}
{"level":"info","message":"Connected to mongodb://localhost/midly_tests...","timestamp":"2020-02-10T05:38:50.298Z"}
{"level":"info","message":"Connected to mongodb://localhost/midly_tests...","timestamp":"2020-02-10T05:38:50.753Z"}
{"level":"info","message":"Listening on post : 3000 ...","timestamp":"2020-02-10T05:41:56.703Z"}
{"level":"info","message":"Listening on post : 3000 ...","timestamp":"2020-02-10T05:41:56.913Z"}
{"level":"info","message":"Connected to mongodb://localhost/midly_tests...","timestamp":"2020-02-10T05:41:57.953Z"}
{"level":"info","message":"Connected to mongodb://localhost/midly_tests...","timestamp":"2020-02-10T05:41:58.157Z"}
{"level":"info","message":"Listening on post : 3000 ...","timestamp":"2020-02-10T05:43:57.993Z"}
{"level":"info","message":"Listening on post : 3000 ...","timestamp":"2020-02-10T05:43:58.610Z"}
{"level":"info","message":"Connected to mongodb://localhost/midly_tests...","timestamp":"2020-02-10T05:43:59.087Z"}
{"level":"info","message":"Connected to mongodb://localhost/midly_tests...","timestamp":"2020-02-10T05:43:59.732Z"}
{"level":"info","message":"Listening on post : 3000 ...","timestamp":"2020-02-10T06:03:54.047Z"}
{"level":"info","message":"Listening on post : 3000 ...","timestamp":"2020-02-10T06:03:54.493Z"}
{"level":"info","message":"Connected to mongodb://localhost/midly_tests...","timestamp":"2020-02-10T06:03:55.154Z"}
{"level":"info","message":"Connected to mongodb://localhost/midly_tests...","timestamp":"2020-02-10T06:03:55.631Z"}
{"level":"info","message":"Listening on post : 3000 ...","timestamp":"2020-02-10T06:10:10.844Z"}
{"level":"info","message":"Listening on post : 3000 ...","timestamp":"2020-02-10T06:10:11.564Z"}
{"level":"info","message":"Connected to mongodb://localhost/midly_tests...","timestamp":"2020-02-10T06:10:11.899Z"}
{"level":"info","message":"Connected to mongodb://localhost/midly_tests...","timestamp":"2020-02-10T06:10:12.733Z"}
{"level":"info","message":"Listening on post : 3000 ...","timestamp":"2020-02-11T10:15:44.026Z"}
{"level":"info","message":"Connected to mongodb://localhost/midly_tests...","timestamp":"2020-02-11T10:15:45.157Z"}
{"level":"info","message":"Connected to mongodb://localhost/midly_tests...","timestamp":"2020-02-11T10:15:45.315Z"}
{"level":"info","message":"Listening on post : 3000 ...","timestamp":"2020-02-11T10:15:45.561Z"}
{"level":"info","message":"Listening on post : 3000 ...","timestamp":"2020-02-11T10:33:54.472Z"}
{"level":"info","message":"Listening on post : 3000 ...","timestamp":"2020-02-11T10:33:54.823Z"}
{"level":"info","message":"Connected to mongodb://localhost/midly_tests...","timestamp":"2020-02-11T10:33:55.633Z"}
{"level":"info","message":"Connected to mongodb://localhost/midly_tests...","timestamp":"2020-02-11T10:33:56.439Z"}
{"level":"info","message":"Connected to mongodb://localhost/midly_tests...","timestamp":"2020-02-11T10:56:53.153Z"}
{"level":"info","message":"Connected to mongodb://localhost/midly_tests...","timestamp":"2020-02-11T11:00:05.373Z"}
{"level":"info","message":"Connected to mongodb://localhost/midly_tests...","timestamp":"2020-02-11T11:00:05.640Z"}
{"level":"info","message":"Connected to mongodb://localhost/midly_tests...","timestamp":"2020-02-11T11:10:45.191Z"}
{"level":"info","message":"Connected to mongodb://localhost/midly_tests...","timestamp":"2020-02-11T11:10:45.267Z"}
{"level":"info","message":"Connected to mongodb://localhost/midly_tests...","timestamp":"2020-02-11T11:16:36.891Z"}
{"level":"info","message":"Connected to mongodb://localhost/midly_tests...","timestamp":"2020-02-11T11:16:37.203Z"}
{"level":"info","message":"Connected to mongodb://localhost/midly_tests...","timestamp":"2020-02-11T11:17:57.046Z"}
{"level":"info","message":"Connected to mongodb://localhost/midly_tests...","timestamp":"2020-02-11T11:17:57.274Z"}
{"level":"info","message":"Connected to mongodb://localhost/midly_tests...","timestamp":"2020-02-11T11:19:06.181Z"}
{"level":"info","message":"Connected to mongodb://localhost/midly_tests...","timestamp":"2020-02-11T11:19:06.519Z"}
{"level":"info","message":"Connected to mongodb://localhost/midly_tests...","timestamp":"2020-02-11T11:22:00.639Z"}
{"level":"info","message":"Connected to mongodb://localhost/midly_tests...","timestamp":"2020-02-11T11:22:00.658Z"}
{"level":"info","message":"Connected to mongodb://localhost/midly_tests...","timestamp":"2020-02-11T11:38:39.461Z"}
{"level":"info","message":"Connected to mongodb://localhost/midly_tests...","timestamp":"2020-02-11T11:38:40.231Z"}
{"level":"info","message":"Connected to mongodb://localhost/midly_tests...","timestamp":"2020-02-11T11:39:58.838Z"}
{"level":"info","message":"Connected to mongodb://localhost/midly_tests...","timestamp":"2020-02-11T11:39:58.814Z"}
{"level":"info","message":"Connected to mongodb://localhost/midly_tests...","timestamp":"2020-02-11T11:44:14.618Z"}
{"level":"info","message":"Connected to mongodb://localhost/midly_tests...","timestamp":"2020-02-11T11:44:14.631Z"}
{"level":"info","message":"Connected to mongodb://localhost/midly_tests...","timestamp":"2020-02-11T11:45:26.535Z"}
{"level":"info","message":"Connected to mongodb://localhost/midly_tests...","timestamp":"2020-02-11T11:45:26.970Z"}
{"level":"info","message":"Connected to mongodb://localhost/midly_tests...","timestamp":"2020-02-11T11:46:42.467Z"}
{"level":"info","message":"Connected to mongodb://localhost/midly_tests...","timestamp":"2020-02-11T11:46:43.046Z"}
{"level":"info","message":"Connected to mongodb://localhost/midly_tests...","timestamp":"2020-02-11T11:47:26.913Z"}
{"level":"info","message":"Connected to mongodb://localhost/midly_tests...","timestamp":"2020-02-11T11:47:27.832Z"}
{"level":"info","message":"Connected to mongodb://localhost/midly_tests...","timestamp":"2020-02-11T12:19:39.774Z"}
{"level":"info","message":"Connected to mongodb://localhost/midly_tests...","timestamp":"2020-02-11T12:19:40.244Z"}
{"level":"info","message":"Connected to mongodb://localhost/midly_tests...","timestamp":"2020-02-12T02:55:06.653Z"}
{"level":"info","message":"Connected to mongodb://localhost/midly_tests...","timestamp":"2020-02-12T02:55:07.283Z"}
{"level":"info","message":"Connected to mongodb://localhost/midly_tests...","timestamp":"2020-02-12T02:57:21.127Z"}
{"level":"info","message":"Connected to mongodb://localhost/midly_tests...","timestamp":"2020-02-12T02:57:21.465Z"}
{"level":"info","message":"Connected to mongodb://localhost/midly_tests...","timestamp":"2020-02-12T03:03:56.313Z"}
{"level":"info","message":"Connected to mongodb://localhost/midly_tests...","timestamp":"2020-02-12T03:03:56.458Z"}
{"level":"info","message":"Connected to mongodb://localhost/midly_tests...","timestamp":"2020-02-12T03:05:55.489Z"}
{"level":"info","message":"Connected to mongodb://localhost/midly_tests...","timestamp":"2020-02-12T03:05:57.145Z"}
{"level":"info","message":"Connected to mongodb://localhost/midly_tests...","timestamp":"2020-02-12T03:12:02.916Z"}
{"level":"info","message":"Connected to mongodb://localhost/midly_tests...","timestamp":"2020-02-12T03:12:03.077Z"}
{"level":"info","message":"Connected to mongodb://localhost/midly_tests...","timestamp":"2020-02-12T03:12:21.270Z"}
{"level":"info","message":"Connected to mongodb://localhost/midly_tests...","timestamp":"2020-02-12T03:12:21.427Z"}
{"level":"info","message":"Connected to mongodb://localhost/midly_tests...","timestamp":"2020-02-12T03:27:02.445Z"}
{"level":"info","message":"Connected to mongodb://localhost/midly_tests...","timestamp":"2020-02-12T03:27:03.297Z"}
{"level":"info","message":"Connected to mongodb://localhost/midly_tests...","timestamp":"2020-02-12T03:31:52.426Z"}
{"level":"info","message":"Connected to mongodb://localhost/midly_tests...","timestamp":"2020-02-12T03:31:53.084Z"}
